<?xml version="1.0" encoding="UTF-8"?>
<!-- Generated by org.testng.reporters.JUnitXMLReporter -->
<testsuite ignored="0" hostname="ST-PhuocVTT" failures="1" tests="2" name="LoginTest" time="12.751" errors="0" timestamp="2022-08-01T09:00:56 ICT">
  <testcase classname="tests.LoginTests" name="EmptyUserEmptyPassword" time="5.516">
    <failure type="java.lang.AssertionError" message="expected [nopCommerce demo store12345] but found [nopCommerce demo store. Login]">
      <![CDATA[java.lang.AssertionError: expected [nopCommerce demo store12345] but found [nopCommerce demo store. Login]
at tests.LoginTests.EmptyUserEmptyPassword(LoginTests.java:43)
at java.base/java.util.ArrayList.forEach(ArrayList.java:1511)
... Removed 33 stack frames]]>
    </failure>
  </testcase> <!-- EmptyUserEmptyPassword -->
  <testcase classname="tests.LoginTests" name="InvalidUserNameInvalidPassword" time="4.255"/>
</testsuite> <!-- LoginTest -->
