<?xml version="1.0" encoding="UTF-8"?>
<!-- Generated by org.testng.reporters.JUnitXMLReporter -->
<testsuite hostname="ST-PhuocVTT" ignored="0" name="LoginTest" tests="2" failures="1" timestamp="2022-08-04T16:23:05 ICT" time="13.004" errors="0">
  <testcase name="EmptyUserEmptyPassword" time="5.048" classname="tests.LoginTests">
    <failure type="java.lang.AssertionError" message="expected [nopCommerce demo store. Loginddee] but found [nopCommerce demo store. Login]">
      <![CDATA[java.lang.AssertionError: expected [nopCommerce demo store. Loginddee] but found [nopCommerce demo store. Login]
at tests.LoginTests.EmptyUserEmptyPassword(LoginTests.java:44)
at java.util.ArrayList.forEach(ArrayList.java:1257)
... Removed 33 stack frames]]>
    </failure>
  </testcase> <!-- EmptyUserEmptyPassword -->
  <testcase name="InvalidUserNameInvalidPassword" time="4.169" classname="tests.LoginTests"/>
</testsuite> <!-- LoginTest -->
